# JRE version: OpenJDK Runtime Environment Microsoft-10376486 (17.0.13+11) (build 17.0.13+11-LTS)
# Java VM: OpenJDK 64-Bit Server VM Microsoft-10376486 (17.0.13+11-LTS, mixed mode, sharing, tiered, compressed oops, compressed class ptrs, g1 gc, windows-amd64)
GC Precious Log:
 CPUs: 4 total, 4 available
 Memory: 3863M
 Large Page Support: Disabled
 NUMA Support: Disabled
 Compressed Oops: Enabled (32-bit)
 Heap Region Size: 1M
 Heap Min Capacity: 8M
 Heap Initial Capacity: 62M
 Heap Max Capacity: 2G
 Pre-touch: Disabled
 Parallel Workers: 4
 Concurrent Workers: 1
 Concurrent Refinement Workers: 4
 Periodic GC: Disabled
Heap:
 garbage-first heap   total 319488K, used 73246K [0x0000000080000000, 0x0000000100000000)
  region size 1024K, 2 young (2048K), 2 survivors (2048K)
 Metaspace       used 64267K, committed 64960K, reserved 491520K
  class space    used 9062K, committed 9408K, reserved 425984K
GC Heap History (20 events):
Event: 655.884 GC heap after
{Heap after GC invocations=47 (full 0):
 garbage-first heap   total 266240K, used 64174K [0x0000000080000000, 0x0000000100000000)
  region size 1024K, 4 young (4096K), 4 survivors (4096K)
 Metaspace       used 58742K, committed 59392K, reserved 491520K
  class space    used 8331K, committed 8640K, reserved 425984K
}
Event: 659.210 GC heap before
{Heap before GC invocations=47 (full 0):
 garbage-first heap   total 266240K, used 74414K [0x0000000080000000, 0x0000000100000000)
  region size 1024K, 14 young (14336K), 4 survivors (4096K)
 Metaspace       used 59728K, committed 60416K, reserved 491520K
  class space    used 8447K, committed 8768K, reserved 425984K
}
Event: 659.910 GC heap after
{Heap after GC invocations=48 (full 0):
 garbage-first heap   total 266240K, used 65090K [0x0000000080000000, 0x0000000100000000)
  region size 1024K, 1 young (1024K), 1 survivors (1024K)
 Metaspace       used 59728K, committed 60416K, reserved 491520K
  class space    used 8447K, committed 8768K, reserved 425984K
}
Event: 661.045 GC heap before
{Heap before GC invocations=48 (full 0):
 garbage-first heap   total 266240K, used 77378K [0x0000000080000000, 0x0000000100000000)
  region size 1024K, 13 young (13312K), 1 survivors (1024K)
 Metaspace       used 60526K, committed 61248K, reserved 491520K
  class space    used 8556K, committed 8896K, reserved 425984K
}
Event: 661.063 GC heap after
{Heap after GC invocations=49 (full 0):
 garbage-first heap   total 266240K, used 65979K [0x0000000080000000, 0x0000000100000000)
  region size 1024K, 2 young (2048K), 2 survivors (2048K)
 Metaspace       used 60526K, committed 61248K, reserved 491520K
  class space    used 8556K, committed 8896K, reserved 425984K
}
Event: 662.229 GC heap before
{Heap before GC invocations=49 (full 0):
 garbage-first heap   total 266240K, used 77243K [0x0000000080000000, 0x0000000100000000)
  region size 1024K, 13 young (13312K), 2 survivors (2048K)
 Metaspace       used 61154K, committed 61824K, reserved 491520K
  class space    used 8646K, committed 8960K, reserved 425984K
}
Event: 662.984 GC heap after
{Heap after GC invocations=50 (full 0):
 garbage-first heap   total 266240K, used 66464K [0x0000000080000000, 0x0000000100000000)
  region size 1024K, 1 young (1024K), 1 survivors (1024K)
 Metaspace       used 61154K, committed 61824K, reserved 491520K
  class space    used 8646K, committed 8960K, reserved 425984K
}
Event: 668.129 GC heap before
{Heap before GC invocations=50 (full 0):
 garbage-first heap   total 266240K, used 78752K [0x0000000080000000, 0x0000000100000000)
  region size 1024K, 13 young (13312K), 1 survivors (1024K)
 Metaspace       used 61858K, committed 62528K, reserved 491520K
  class space    used 8741K, committed 9088K, reserved 425984K
}
Event: 668.144 GC heap after
{Heap after GC invocations=51 (full 0):
 garbage-first heap   total 266240K, used 66666K [0x0000000080000000, 0x0000000100000000)
  region size 1024K, 1 young (1024K), 1 survivors (1024K)
 Metaspace       used 61858K, committed 62528K, reserved 491520K
  class space    used 8741K, committed 9088K, reserved 425984K
}
Event: 673.500 GC heap before
{Heap before GC invocations=51 (full 0):
 garbage-first heap   total 266240K, used 77930K [0x0000000080000000, 0x0000000100000000)
  region size 1024K, 13 young (13312K), 1 survivors (1024K)
 Metaspace       used 62468K, committed 63168K, reserved 491520K
  class space    used 8819K, committed 9152K, reserved 425984K
}
Event: 673.528 GC heap after
{Heap after GC invocations=52 (full 0):
 garbage-first heap   total 266240K, used 67015K [0x0000000080000000, 0x0000000100000000)
  region size 1024K, 2 young (2048K), 2 survivors (2048K)
 Metaspace       used 62468K, committed 63168K, reserved 491520K
  class space    used 8819K, committed 9152K, reserved 425984K
}
Event: 676.841 GC heap before
{Heap before GC invocations=52 (full 0):
 garbage-first heap   total 266240K, used 77255K [0x0000000080000000, 0x0000000100000000)
  region size 1024K, 13 young (13312K), 2 survivors (2048K)
 Metaspace       used 63023K, committed 63680K, reserved 491520K
  class space    used 8894K, committed 9216K, reserved 425984K
}
Event: 676.968 GC heap after
{Heap after GC invocations=53 (full 0):
 garbage-first heap   total 319488K, used 68388K [0x0000000080000000, 0x0000000100000000)
  region size 1024K, 2 young (2048K), 2 survivors (2048K)
 Metaspace       used 63023K, committed 63680K, reserved 491520K
  class space    used 8894K, committed 9216K, reserved 425984K
}
Event: 677.839 GC heap before
{Heap before GC invocations=53 (full 0):
 garbage-first heap   total 319488K, used 80676K [0x0000000080000000, 0x0000000100000000)
  region size 1024K, 15 young (15360K), 2 survivors (2048K)
 Metaspace       used 63043K, committed 63744K, reserved 491520K
  class space    used 8894K, committed 9216K, reserved 425984K
}
Event: 678.353 GC heap after
{Heap after GC invocations=54 (full 0):
 garbage-first heap   total 319488K, used 70480K [0x0000000080000000, 0x0000000100000000)
  region size 1024K, 2 young (2048K), 2 survivors (2048K)
 Metaspace       used 63043K, committed 63744K, reserved 491520K
  class space    used 8894K, committed 9216K, reserved 425984K
}
Event: 685.219 GC heap before
{Heap before GC invocations=54 (full 0):
 garbage-first heap   total 319488K, used 82768K [0x0000000080000000, 0x0000000100000000)
  region size 1024K, 15 young (15360K), 2 survivors (2048K)
 Metaspace       used 63971K, committed 64576K, reserved 491520K
  class space    used 9037K, committed 9344K, reserved 425984K
}
Event: 685.600 GC heap after
{Heap after GC invocations=55 (full 0):
 garbage-first heap   total 319488K, used 71431K [0x0000000080000000, 0x0000000100000000)
  region size 1024K, 1 young (1024K), 1 survivors (1024K)
 Metaspace       used 63971K, committed 64576K, reserved 491520K
  class space    used 9037K, committed 9344K, reserved 425984K
}
Event: 716.608 GC heap before
{Heap before GC invocations=55 (full 0):
 garbage-first heap   total 319488K, used 85767K [0x0000000080000000, 0x0000000100000000)
  region size 1024K, 15 young (15360K), 1 survivors (1024K)
 Metaspace       used 64248K, committed 64960K, reserved 491520K
  class space    used 9062K, committed 9408K, reserved 425984K
}
Event: 717.506 GC heap after
{Heap after GC invocations=56 (full 0):
 garbage-first heap   total 319488K, used 71803K [0x0000000080000000, 0x0000000100000000)
  region size 1024K, 2 young (2048K), 2 survivors (2048K)
 Metaspace       used 64248K, committed 64960K, reserved 491520K
  class space    used 9062K, committed 9408K, reserved 425984K
}
Event: 752.278 GC heap before
{Heap before GC invocations=56 (full 0):
 garbage-first heap   total 319488K, used 84091K [0x0000000080000000, 0x0000000100000000)
  region size 1024K, 15 young (15360K), 2 survivors (2048K)
 Metaspace       used 64267K, committed 64960K, reserved 491520K
  class space    used 9062K, committed 9408K, reserved 425984K
}

